app/build/intermediates/manifest_merge_blame_file/debug/manifest-merger-blame-debug-report.txt
1<?xml version="1.0" encoding="utf-8"?>
2<manifest xmlns:android="http://schemas.android.com/apk/res/android"
3    package="com.stratvave.biketracker.main"
4    android:versionCode="1"
5    android:versionName="1.0" >
6
7    <uses-sdk
8        android:minSdkVersion="21"
8-->src/main/AndroidManifest.xml
9        android:targetSdkVersion="30" />
9-->src/main/AndroidManifest.xml
10
11    <uses-permission android:name="android.permission.BLUETOOTH" />
11-->src/main/AndroidManifest.xml:6:5-68
11-->src/main/AndroidManifest.xml:6:22-65
12    <uses-permission android:name="android.permission.MODIFY_AUDIO_SETTINGS" />
12-->src/main/AndroidManifest.xml:7:5-80
12-->src/main/AndroidManifest.xml:7:22-77
13    <uses-permission android:name="android.permission.READ_CONTACTS" />
13-->src/main/AndroidManifest.xml:8:5-72
13-->src/main/AndroidManifest.xml:8:22-69
14    <uses-permission android:name="android.permission.RECEIVE_BOOT_COMPLETED" />
14-->src/main/AndroidManifest.xml:9:5-81
14-->src/main/AndroidManifest.xml:9:22-78
15    <uses-permission android:name="android.permission.SEND_SMS" />
15-->src/main/AndroidManifest.xml:10:5-67
15-->src/main/AndroidManifest.xml:10:22-64
16    <uses-permission android:name="android.permission.INTERNET" />
16-->src/main/AndroidManifest.xml:11:5-67
16-->src/main/AndroidManifest.xml:11:22-64
17    <uses-permission android:name="android.permission.ACCESS_NETWORK_STATE" />
17-->src/main/AndroidManifest.xml:12:5-79
17-->src/main/AndroidManifest.xml:12:22-76
18    <uses-permission android:name="android.permission.CHANGE_NETWORK_STATE" />
18-->src/main/AndroidManifest.xml:13:5-79
18-->src/main/AndroidManifest.xml:13:22-76
19    <uses-permission android:name="android.permission.CHANGE_WIFI_STATE" />
19-->src/main/AndroidManifest.xml:14:5-76
19-->src/main/AndroidManifest.xml:14:22-73
20    <uses-permission android:name="android.permission.RECEIVE_BOOT_COMPLETED" />
20-->src/main/AndroidManifest.xml:9:5-81
20-->src/main/AndroidManifest.xml:9:22-78
21    <uses-permission android:name="android.permission.WAKE_LOCK" />
21-->src/main/AndroidManifest.xml:16:5-68
21-->src/main/AndroidManifest.xml:16:22-65
22    <uses-permission android:name="android.permission.VIBRATE" />
22-->src/main/AndroidManifest.xml:17:5-66
22-->src/main/AndroidManifest.xml:17:22-63
23    <uses-permission android:name="android.permission.WRITE_EXTERNAL_STORAGE" />
23-->src/main/AndroidManifest.xml:18:5-81
23-->src/main/AndroidManifest.xml:18:22-78
24    <uses-permission android:name="android.permission.MODIFY_PHONE_STATE" />
24-->src/main/AndroidManifest.xml:19:5-77
24-->src/main/AndroidManifest.xml:19:22-74
25    <uses-permission android:name="android.permission.READ_PHONE_STATE" />
25-->src/main/AndroidManifest.xml:20:5-75
25-->src/main/AndroidManifest.xml:20:22-72
26    <uses-permission android:name="android.permission.CALL_PHONE" />
26-->src/main/AndroidManifest.xml:21:6-70
26-->src/main/AndroidManifest.xml:21:23-67
27
28    <application
28-->src/main/AndroidManifest.xml:23:5-447:19
29        android:appComponentFactory="androidx.core.app.CoreComponentFactory"
29-->[androidx.core:core:1.3.1] AndroidManifest.xml:24:18-86
30        android:debuggable="true"
31        android:icon="@drawable/icon"
31-->src/main/AndroidManifest.xml:24:9-38
32        android:label="@string/app_name"
32-->src/main/AndroidManifest.xml:25:9-41
33        android:theme="@style/MyApp.Theme.Light.NoTitleBar" >
33-->src/main/AndroidManifest.xml:26:9-60
34        <uses-library android:name="com.google.android.maps" >
34-->src/main/AndroidManifest.xml:27:9-28:24
34-->src/main/AndroidManifest.xml:27:23-61
35        </uses-library>
36
37        <!--
38             <activity android:name=".SplashScreen" >
39            <intent-filter>
40                <action android:name="android.intent.action.MAIN" />
41
42                <category android:name="android.intent.category.LAUNCHER" />
43            </intent-filter>
44        </activity>
45        -->
46        <activity
46-->src/main/AndroidManifest.xml:37:9-50:20
47            android:name="com.stratvave.biketracker.main.MainBikeTrackerActivity"
47-->src/main/AndroidManifest.xml:38:13-52
48            android:label="@string/title_activity_main_bike_tracker" >
48-->src/main/AndroidManifest.xml:39:13-69
49            <intent-filter>
49-->src/main/AndroidManifest.xml:40:14-44:29
50                <action android:name="android.intent.action.MAIN" />
50-->src/main/AndroidManifest.xml:41:17-69
50-->src/main/AndroidManifest.xml:41:25-66
51
52                <category android:name="android.intent.category.LAUNCHER" />
52-->src/main/AndroidManifest.xml:43:17-77
52-->src/main/AndroidManifest.xml:43:27-74
53            </intent-filter>
54            <!--
55            <intent-filter>
56                <action android:name="com.stratvave.biketracker.main.MainBikeTrackerActivity" />
57
58                <category android:name="android.intent.category.DEFAULT" />
59            </intent-filter>
60            -->
61        </activity>
62        <activity android:name="com.stratvave.biketracker.addvehicle.Bike" >
62-->src/main/AndroidManifest.xml:51:9-57:20
62-->src/main/AndroidManifest.xml:51:19-75
63            <intent-filter>
63-->src/main/AndroidManifest.xml:52:13-56:29
64                <action android:name="android.intent.action.PICK_ACTIVITY" />
64-->src/main/AndroidManifest.xml:53:17-78
64-->src/main/AndroidManifest.xml:53:25-75
65
66                <category android:name="android.intent.category.DEFAULT" />
66-->src/main/AndroidManifest.xml:55:17-76
66-->src/main/AndroidManifest.xml:55:27-73
67            </intent-filter>
68        </activity>
69        <activity android:name="com.stratvave.biketracker.addvehicle.AddVehicle" >
69-->src/main/AndroidManifest.xml:58:9-64:20
69-->src/main/AndroidManifest.xml:58:19-81
70            <intent-filter>
70-->src/main/AndroidManifest.xml:52:13-56:29
71                <action android:name="android.intent.action.PICK_ACTIVITY" />
71-->src/main/AndroidManifest.xml:53:17-78
71-->src/main/AndroidManifest.xml:53:25-75
72
73                <category android:name="android.intent.category.DEFAULT" />
73-->src/main/AndroidManifest.xml:55:17-76
73-->src/main/AndroidManifest.xml:55:27-73
74            </intent-filter>
75        </activity>
76        <activity android:name="com.stratvave.biketracker.addvehicle.UpdateBike" >
76-->src/main/AndroidManifest.xml:65:9-71:20
76-->src/main/AndroidManifest.xml:65:19-81
77            <intent-filter>
77-->src/main/AndroidManifest.xml:52:13-56:29
78                <action android:name="android.intent.action.PICK_ACTIVITY" />
78-->src/main/AndroidManifest.xml:53:17-78
78-->src/main/AndroidManifest.xml:53:25-75
79
80                <category android:name="android.intent.category.DEFAULT" />
80-->src/main/AndroidManifest.xml:55:17-76
80-->src/main/AndroidManifest.xml:55:27-73
81            </intent-filter>
82        </activity>
83        <activity android:name="com.stratvave.biketracker.addvehicle.DeleteBikeDetails" >
83-->src/main/AndroidManifest.xml:72:9-78:20
83-->src/main/AndroidManifest.xml:72:19-88
84            <intent-filter>
84-->src/main/AndroidManifest.xml:52:13-56:29
85                <action android:name="android.intent.action.PICK_ACTIVITY" />
85-->src/main/AndroidManifest.xml:53:17-78
85-->src/main/AndroidManifest.xml:53:25-75
86
87                <category android:name="android.intent.category.DEFAULT" />
87-->src/main/AndroidManifest.xml:55:17-76
87-->src/main/AndroidManifest.xml:55:27-73
88            </intent-filter>
89        </activity>
90        <activity android:name="com.stratvave.biketracker.addvehicle.UpdateBikeDetails" >
90-->src/main/AndroidManifest.xml:79:9-85:20
90-->src/main/AndroidManifest.xml:79:19-88
91            <intent-filter>
91-->src/main/AndroidManifest.xml:52:13-56:29
92                <action android:name="android.intent.action.PICK_ACTIVITY" />
92-->src/main/AndroidManifest.xml:53:17-78
92-->src/main/AndroidManifest.xml:53:25-75
93
94                <category android:name="android.intent.category.DEFAULT" />
94-->src/main/AndroidManifest.xml:55:17-76
94-->src/main/AndroidManifest.xml:55:27-73
95            </intent-filter>
96        </activity>
97        <activity android:name="com.stratvave.biketracker.addvehicle.DisplayBikeDetails" >
97-->src/main/AndroidManifest.xml:86:9-92:20
97-->src/main/AndroidManifest.xml:86:19-89
98            <intent-filter>
98-->src/main/AndroidManifest.xml:52:13-56:29
99                <action android:name="android.intent.action.PICK_ACTIVITY" />
99-->src/main/AndroidManifest.xml:53:17-78
99-->src/main/AndroidManifest.xml:53:25-75
100
101                <category android:name="android.intent.category.DEFAULT" />
101-->src/main/AndroidManifest.xml:55:17-76
101-->src/main/AndroidManifest.xml:55:27-73
102            </intent-filter>
103        </activity>
104        <activity android:name="com.stratvave.biketracker.fillup.Fillup" >
104-->src/main/AndroidManifest.xml:93:9-99:20
104-->src/main/AndroidManifest.xml:93:19-73
105            <intent-filter>
105-->src/main/AndroidManifest.xml:52:13-56:29
106                <action android:name="android.intent.action.PICK_ACTIVITY" />
106-->src/main/AndroidManifest.xml:53:17-78
106-->src/main/AndroidManifest.xml:53:25-75
107
108                <category android:name="android.intent.category.DEFAULT" />
108-->src/main/AndroidManifest.xml:55:17-76
108-->src/main/AndroidManifest.xml:55:27-73
109            </intent-filter>
110        </activity>
111        <activity android:name="com.stratvave.biketracker.expenses.Expenses" >
111-->src/main/AndroidManifest.xml:100:9-106:20
111-->src/main/AndroidManifest.xml:100:19-77
112            <intent-filter>
112-->src/main/AndroidManifest.xml:52:13-56:29
113                <action android:name="android.intent.action.PICK_ACTIVITY" />
113-->src/main/AndroidManifest.xml:53:17-78
113-->src/main/AndroidManifest.xml:53:25-75
114
115                <category android:name="android.intent.category.DEFAULT" />
115-->src/main/AndroidManifest.xml:55:17-76
115-->src/main/AndroidManifest.xml:55:27-73
116            </intent-filter>
117        </activity>
118        <activity android:name="com.stratvave.biketracker.expenses.DeletExpencesDetails" >
118-->src/main/AndroidManifest.xml:107:9-113:20
118-->src/main/AndroidManifest.xml:107:19-89
119            <intent-filter>
119-->src/main/AndroidManifest.xml:52:13-56:29
120                <action android:name="android.intent.action.PICK_ACTIVITY" />
120-->src/main/AndroidManifest.xml:53:17-78
120-->src/main/AndroidManifest.xml:53:25-75
121
122                <category android:name="android.intent.category.DEFAULT" />
122-->src/main/AndroidManifest.xml:55:17-76
122-->src/main/AndroidManifest.xml:55:27-73
123            </intent-filter>
124        </activity>
125        <activity android:name="com.stratvave.biketracker.expenses.ViewExpences" >
125-->src/main/AndroidManifest.xml:114:9-120:20
125-->src/main/AndroidManifest.xml:114:19-81
126            <intent-filter>
126-->src/main/AndroidManifest.xml:52:13-56:29
127                <action android:name="android.intent.action.PICK_ACTIVITY" />
127-->src/main/AndroidManifest.xml:53:17-78
127-->src/main/AndroidManifest.xml:53:25-75
128
129                <category android:name="android.intent.category.DEFAULT" />
129-->src/main/AndroidManifest.xml:55:17-76
129-->src/main/AndroidManifest.xml:55:27-73
130            </intent-filter>
131        </activity>
132        <activity android:name="com.stratvave.biketracker.expenses.UpDateExpences" >
132-->src/main/AndroidManifest.xml:121:9-127:20
132-->src/main/AndroidManifest.xml:121:19-83
133            <intent-filter>
133-->src/main/AndroidManifest.xml:52:13-56:29
134                <action android:name="android.intent.action.PICK_ACTIVITY" />
134-->src/main/AndroidManifest.xml:53:17-78
134-->src/main/AndroidManifest.xml:53:25-75
135
136                <category android:name="android.intent.category.DEFAULT" />
136-->src/main/AndroidManifest.xml:55:17-76
136-->src/main/AndroidManifest.xml:55:27-73
137            </intent-filter>
138        </activity>
139        <activity android:name="com.stratvave.biketracker.expenses.Expencesmain" >
139-->src/main/AndroidManifest.xml:128:9-134:20
139-->src/main/AndroidManifest.xml:128:19-81
140            <intent-filter>
140-->src/main/AndroidManifest.xml:52:13-56:29
141                <action android:name="android.intent.action.PICK_ACTIVITY" />
141-->src/main/AndroidManifest.xml:53:17-78
141-->src/main/AndroidManifest.xml:53:25-75
142
143                <category android:name="android.intent.category.DEFAULT" />
143-->src/main/AndroidManifest.xml:55:17-76
143-->src/main/AndroidManifest.xml:55:27-73
144            </intent-filter>
145        </activity>
146        <activity android:name="com.stratvave.biketracker.expenses.ExpencesDateDisplay" >
146-->src/main/AndroidManifest.xml:135:9-141:20
146-->src/main/AndroidManifest.xml:135:19-88
147            <intent-filter>
147-->src/main/AndroidManifest.xml:52:13-56:29
148                <action android:name="android.intent.action.PICK_ACTIVITY" />
148-->src/main/AndroidManifest.xml:53:17-78
148-->src/main/AndroidManifest.xml:53:25-75
149
150                <category android:name="android.intent.category.DEFAULT" />
150-->src/main/AndroidManifest.xml:55:17-76
150-->src/main/AndroidManifest.xml:55:27-73
151            </intent-filter>
152        </activity>
153        <activity android:name="com.stratvave.biketracker.expenses.DeleteExpences" >
153-->src/main/AndroidManifest.xml:142:9-148:20
153-->src/main/AndroidManifest.xml:142:19-83
154            <intent-filter>
154-->src/main/AndroidManifest.xml:52:13-56:29
155                <action android:name="android.intent.action.PICK_ACTIVITY" />
155-->src/main/AndroidManifest.xml:53:17-78
155-->src/main/AndroidManifest.xml:53:25-75
156
157                <category android:name="android.intent.category.DEFAULT" />
157-->src/main/AndroidManifest.xml:55:17-76
157-->src/main/AndroidManifest.xml:55:27-73
158            </intent-filter>
159        </activity>
160        <activity android:name="com.stratvave.biketracker.trip.Trip" >
160-->src/main/AndroidManifest.xml:149:9-155:20
160-->src/main/AndroidManifest.xml:149:19-69
161            <intent-filter>
161-->src/main/AndroidManifest.xml:52:13-56:29
162                <action android:name="android.intent.action.PICK_ACTIVITY" />
162-->src/main/AndroidManifest.xml:53:17-78
162-->src/main/AndroidManifest.xml:53:25-75
163
164                <category android:name="android.intent.category.DEFAULT" />
164-->src/main/AndroidManifest.xml:55:17-76
164-->src/main/AndroidManifest.xml:55:27-73
165            </intent-filter>
166        </activity>
167        <activity android:name="com.stratvave.biketracker.reminders.Reminders" >
167-->src/main/AndroidManifest.xml:156:9-162:20
167-->src/main/AndroidManifest.xml:156:19-79
168            <intent-filter>
168-->src/main/AndroidManifest.xml:52:13-56:29
169                <action android:name="android.intent.action.PICK_ACTIVITY" />
169-->src/main/AndroidManifest.xml:53:17-78
169-->src/main/AndroidManifest.xml:53:25-75
170
171                <category android:name="android.intent.category.DEFAULT" />
171-->src/main/AndroidManifest.xml:55:17-76
171-->src/main/AndroidManifest.xml:55:27-73
172            </intent-filter>
173        </activity>
174        <activity android:name="com.stratvave.biketracker.reminders.AddReminder" >
174-->src/main/AndroidManifest.xml:163:9-169:20
174-->src/main/AndroidManifest.xml:163:19-81
175            <intent-filter>
175-->src/main/AndroidManifest.xml:52:13-56:29
176                <action android:name="android.intent.action.PICK_ACTIVITY" />
176-->src/main/AndroidManifest.xml:53:17-78
176-->src/main/AndroidManifest.xml:53:25-75
177
178                <category android:name="android.intent.category.DEFAULT" />
178-->src/main/AndroidManifest.xml:55:17-76
178-->src/main/AndroidManifest.xml:55:27-73
179            </intent-filter>
180        </activity>
181        <activity android:name="com.stratvave.biketracker.statistics.Statistics" >
181-->src/main/AndroidManifest.xml:170:9-176:20
181-->src/main/AndroidManifest.xml:170:19-81
182            <intent-filter>
182-->src/main/AndroidManifest.xml:52:13-56:29
183                <action android:name="android.intent.action.PICK_ACTIVITY" />
183-->src/main/AndroidManifest.xml:53:17-78
183-->src/main/AndroidManifest.xml:53:25-75
184
185                <category android:name="android.intent.category.DEFAULT" />
185-->src/main/AndroidManifest.xml:55:17-76
185-->src/main/AndroidManifest.xml:55:27-73
186            </intent-filter>
187        </activity>
188        <activity
188-->src/main/AndroidManifest.xml:177:9-185:20
189            android:name="com.stratvave.biketracker.charts.Charts"
189-->src/main/AndroidManifest.xml:178:13-67
190            android:theme="@android:style/Theme.Dialog" >
190-->src/main/AndroidManifest.xml:179:13-56
191            <intent-filter>
191-->src/main/AndroidManifest.xml:52:13-56:29
192                <action android:name="android.intent.action.PICK_ACTIVITY" />
192-->src/main/AndroidManifest.xml:53:17-78
192-->src/main/AndroidManifest.xml:53:25-75
193
194                <category android:name="android.intent.category.DEFAULT" />
194-->src/main/AndroidManifest.xml:55:17-76
194-->src/main/AndroidManifest.xml:55:27-73
195            </intent-filter>
196        </activity>
197        <activity android:name="com.stratvave.biketracker.latitude.BikeTrackerLatitude" >
197-->src/main/AndroidManifest.xml:186:9-192:20
197-->src/main/AndroidManifest.xml:186:19-88
198            <intent-filter>
198-->src/main/AndroidManifest.xml:52:13-56:29
199                <action android:name="android.intent.action.PICK_ACTIVITY" />
199-->src/main/AndroidManifest.xml:53:17-78
199-->src/main/AndroidManifest.xml:53:25-75
200
201                <category android:name="android.intent.category.DEFAULT" />
201-->src/main/AndroidManifest.xml:55:17-76
201-->src/main/AndroidManifest.xml:55:27-73
202            </intent-filter>
203        </activity>
204        <activity android:name="com.stratvave.biketracker.latitude.LatitudeApiSample" >
204-->src/main/AndroidManifest.xml:193:9-199:20
204-->src/main/AndroidManifest.xml:193:19-86
205            <intent-filter>
205-->src/main/AndroidManifest.xml:52:13-56:29
206                <action android:name="android.intent.action.PICK_ACTIVITY" />
206-->src/main/AndroidManifest.xml:53:17-78
206-->src/main/AndroidManifest.xml:53:25-75
207
208                <category android:name="android.intent.category.DEFAULT" />
208-->src/main/AndroidManifest.xml:55:17-76
208-->src/main/AndroidManifest.xml:55:27-73
209            </intent-filter>
210        </activity>
211        <activity android:name="com.stratvave.biketracker.routemap.Routemap" >
211-->src/main/AndroidManifest.xml:200:9-206:20
211-->src/main/AndroidManifest.xml:200:19-77
212            <intent-filter>
212-->src/main/AndroidManifest.xml:52:13-56:29
213                <action android:name="android.intent.action.PICK_ACTIVITY" />
213-->src/main/AndroidManifest.xml:53:17-78
213-->src/main/AndroidManifest.xml:53:25-75
214
215                <category android:name="android.intent.category.DEFAULT" />
215-->src/main/AndroidManifest.xml:55:17-76
215-->src/main/AndroidManifest.xml:55:27-73
216            </intent-filter>
217        </activity>
218        <activity android:name="com.stratvave.biketracker.settings.Settings" >
218-->src/main/AndroidManifest.xml:207:9-213:20
218-->src/main/AndroidManifest.xml:207:19-77
219            <intent-filter>
219-->src/main/AndroidManifest.xml:52:13-56:29
220                <action android:name="android.intent.action.PICK_ACTIVITY" />
220-->src/main/AndroidManifest.xml:53:17-78
220-->src/main/AndroidManifest.xml:53:25-75
221
222                <category android:name="android.intent.category.DEFAULT" />
222-->src/main/AndroidManifest.xml:55:17-76
222-->src/main/AndroidManifest.xml:55:27-73
223            </intent-filter>
224        </activity>
225        <activity android:name="com.stratvave.biketracker.addvehicle.AddBikePurchaseData" >
225-->src/main/AndroidManifest.xml:214:9-220:20
225-->src/main/AndroidManifest.xml:214:19-90
226            <intent-filter>
226-->src/main/AndroidManifest.xml:52:13-56:29
227                <action android:name="android.intent.action.PICK_ACTIVITY" />
227-->src/main/AndroidManifest.xml:53:17-78
227-->src/main/AndroidManifest.xml:53:25-75
228
229                <category android:name="android.intent.category.DEFAULT" />
229-->src/main/AndroidManifest.xml:55:17-76
229-->src/main/AndroidManifest.xml:55:27-73
230            </intent-filter>
231        </activity>
232        <activity android:name="com.stratvave.biketracker.addvehicle.AddBikeSalesData" >
232-->src/main/AndroidManifest.xml:221:9-227:20
232-->src/main/AndroidManifest.xml:221:19-87
233            <intent-filter>
233-->src/main/AndroidManifest.xml:52:13-56:29
234                <action android:name="android.intent.action.PICK_ACTIVITY" />
234-->src/main/AndroidManifest.xml:53:17-78
234-->src/main/AndroidManifest.xml:53:25-75
235
236                <category android:name="android.intent.category.DEFAULT" />
236-->src/main/AndroidManifest.xml:55:17-76
236-->src/main/AndroidManifest.xml:55:27-73
237            </intent-filter>
238        </activity>
239        <activity
239-->src/main/AndroidManifest.xml:228:9-241:20
240            android:name="com.stratvave.biketracker.latitude.OAuthAccessTokenActivity"
240-->src/main/AndroidManifest.xml:229:13-87
241            android:launchMode="singleTask" >
241-->src/main/AndroidManifest.xml:230:13-44
242            <intent-filter>
242-->src/main/AndroidManifest.xml:231:13-240:29
243                <action android:name="android.intent.action.VIEW" />
243-->src/main/AndroidManifest.xml:232:17-69
243-->src/main/AndroidManifest.xml:232:25-66
244
245                <category android:name="android.intent.category.DEFAULT" />
245-->src/main/AndroidManifest.xml:55:17-76
245-->src/main/AndroidManifest.xml:55:27-73
246                <category android:name="android.intent.category.BROWSABLE" />
246-->src/main/AndroidManifest.xml:235:17-78
246-->src/main/AndroidManifest.xml:235:27-75
247
248                <data
248-->src/main/AndroidManifest.xml:237:17-239:45
249                    android:host="localhost"
249-->src/main/AndroidManifest.xml:238:21-45
250                    android:scheme="http" />
250-->src/main/AndroidManifest.xml:239:21-42
251            </intent-filter>
252        </activity>
253        <activity android:name="com.stratvave.biketracker.addvehicle.ViewMyBikeDetails" >
253-->src/main/AndroidManifest.xml:242:9-248:20
253-->src/main/AndroidManifest.xml:242:19-88
254            <intent-filter>
254-->src/main/AndroidManifest.xml:52:13-56:29
255                <action android:name="android.intent.action.PICK_ACTIVITY" />
255-->src/main/AndroidManifest.xml:53:17-78
255-->src/main/AndroidManifest.xml:53:25-75
256
257                <category android:name="android.intent.category.DEFAULT" />
257-->src/main/AndroidManifest.xml:55:17-76
257-->src/main/AndroidManifest.xml:55:27-73
258            </intent-filter>
259        </activity>
260        <activity android:name="com.stratvave.biketracker.trip.ArrivalDetails" >
260-->src/main/AndroidManifest.xml:249:9-255:20
260-->src/main/AndroidManifest.xml:249:19-79
261            <intent-filter>
261-->src/main/AndroidManifest.xml:52:13-56:29
262                <action android:name="android.intent.action.PICK_ACTIVITY" />
262-->src/main/AndroidManifest.xml:53:17-78
262-->src/main/AndroidManifest.xml:53:25-75
263
264                <category android:name="android.intent.category.DEFAULT" />
264-->src/main/AndroidManifest.xml:55:17-76
264-->src/main/AndroidManifest.xml:55:27-73
265            </intent-filter>
266        </activity>
267        <activity android:name="com.stratvave.biketracker.trip.DepartureDetails" >
267-->src/main/AndroidManifest.xml:256:9-262:20
267-->src/main/AndroidManifest.xml:256:19-81
268            <intent-filter>
268-->src/main/AndroidManifest.xml:52:13-56:29
269                <action android:name="android.intent.action.PICK_ACTIVITY" />
269-->src/main/AndroidManifest.xml:53:17-78
269-->src/main/AndroidManifest.xml:53:25-75
270
271                <category android:name="android.intent.category.DEFAULT" />
271-->src/main/AndroidManifest.xml:55:17-76
271-->src/main/AndroidManifest.xml:55:27-73
272            </intent-filter>
273        </activity>
274        <activity android:name="com.stratvave.biketracker.aboutapp.AboutApp" >
274-->src/main/AndroidManifest.xml:263:9-269:20
274-->src/main/AndroidManifest.xml:263:19-77
275            <intent-filter>
275-->src/main/AndroidManifest.xml:52:13-56:29
276                <action android:name="android.intent.action.PICK_ACTIVITY" />
276-->src/main/AndroidManifest.xml:53:17-78
276-->src/main/AndroidManifest.xml:53:25-75
277
278                <category android:name="android.intent.category.DEFAULT" />
278-->src/main/AndroidManifest.xml:55:17-76
278-->src/main/AndroidManifest.xml:55:27-73
279            </intent-filter>
280        </activity>
281        <activity android:name="com.stratvave.biketracker.extras.Extras" >
281-->src/main/AndroidManifest.xml:270:9-276:20
281-->src/main/AndroidManifest.xml:270:19-73
282            <intent-filter>
282-->src/main/AndroidManifest.xml:52:13-56:29
283                <action android:name="android.intent.action.PICK_ACTIVITY" />
283-->src/main/AndroidManifest.xml:53:17-78
283-->src/main/AndroidManifest.xml:53:25-75
284
285                <category android:name="android.intent.category.DEFAULT" />
285-->src/main/AndroidManifest.xml:55:17-76
285-->src/main/AndroidManifest.xml:55:27-73
286            </intent-filter>
287        </activity>
288        <activity android:name="com.stratvave.biketracker.extras.AddInsuranceDetails" >
288-->src/main/AndroidManifest.xml:277:9-283:20
288-->src/main/AndroidManifest.xml:277:19-86
289            <intent-filter>
289-->src/main/AndroidManifest.xml:52:13-56:29
290                <action android:name="android.intent.action.PICK_ACTIVITY" />
290-->src/main/AndroidManifest.xml:53:17-78
290-->src/main/AndroidManifest.xml:53:25-75
291
292                <category android:name="android.intent.category.DEFAULT" />
292-->src/main/AndroidManifest.xml:55:17-76
292-->src/main/AndroidManifest.xml:55:27-73
293            </intent-filter>
294        </activity>
295        <activity android:name="com.stratvave.biketracker.extras.AddLicenceDetails" >
295-->src/main/AndroidManifest.xml:284:9-290:20
295-->src/main/AndroidManifest.xml:284:19-84
296            <intent-filter>
296-->src/main/AndroidManifest.xml:52:13-56:29
297                <action android:name="android.intent.action.PICK_ACTIVITY" />
297-->src/main/AndroidManifest.xml:53:17-78
297-->src/main/AndroidManifest.xml:53:25-75
298
299                <category android:name="android.intent.category.DEFAULT" />
299-->src/main/AndroidManifest.xml:55:17-76
299-->src/main/AndroidManifest.xml:55:27-73
300            </intent-filter>
301        </activity>
302        <activity android:name="com.stratvave.biketracker.extras.AddRoadtaxDetails" >
302-->src/main/AndroidManifest.xml:291:9-297:20
302-->src/main/AndroidManifest.xml:291:19-84
303            <intent-filter>
303-->src/main/AndroidManifest.xml:52:13-56:29
304                <action android:name="android.intent.action.PICK_ACTIVITY" />
304-->src/main/AndroidManifest.xml:53:17-78
304-->src/main/AndroidManifest.xml:53:25-75
305
306                <category android:name="android.intent.category.DEFAULT" />
306-->src/main/AndroidManifest.xml:55:17-76
306-->src/main/AndroidManifest.xml:55:27-73
307            </intent-filter>
308        </activity>
309        <activity android:name="com.stratvave.biketracker.extras.ViewLicenceDetails" >
309-->src/main/AndroidManifest.xml:298:9-304:20
309-->src/main/AndroidManifest.xml:298:19-85
310            <intent-filter>
310-->src/main/AndroidManifest.xml:52:13-56:29
311                <action android:name="android.intent.action.PICK_ACTIVITY" />
311-->src/main/AndroidManifest.xml:53:17-78
311-->src/main/AndroidManifest.xml:53:25-75
312
313                <category android:name="android.intent.category.DEFAULT" />
313-->src/main/AndroidManifest.xml:55:17-76
313-->src/main/AndroidManifest.xml:55:27-73
314            </intent-filter>
315        </activity>
316        <activity android:name="com.stratvave.biketracker.extras.ViewRoadTaxDetails" >
316-->src/main/AndroidManifest.xml:305:9-311:20
316-->src/main/AndroidManifest.xml:305:19-85
317            <intent-filter>
317-->src/main/AndroidManifest.xml:52:13-56:29
318                <action android:name="android.intent.action.PICK_ACTIVITY" />
318-->src/main/AndroidManifest.xml:53:17-78
318-->src/main/AndroidManifest.xml:53:25-75
319
320                <category android:name="android.intent.category.DEFAULT" />
320-->src/main/AndroidManifest.xml:55:17-76
320-->src/main/AndroidManifest.xml:55:27-73
321            </intent-filter>
322        </activity>
323        <activity android:name="com.stratvave.biketracker.extras.ViewInsuranceDetails" >
323-->src/main/AndroidManifest.xml:312:9-318:20
323-->src/main/AndroidManifest.xml:312:19-87
324            <intent-filter>
324-->src/main/AndroidManifest.xml:52:13-56:29
325                <action android:name="android.intent.action.PICK_ACTIVITY" />
325-->src/main/AndroidManifest.xml:53:17-78
325-->src/main/AndroidManifest.xml:53:25-75
326
327                <category android:name="android.intent.category.DEFAULT" />
327-->src/main/AndroidManifest.xml:55:17-76
327-->src/main/AndroidManifest.xml:55:27-73
328            </intent-filter>
329        </activity>
330        <activity android:name="com.stratvave.biketracker.extras.UpdateLIcenceDetails" >
330-->src/main/AndroidManifest.xml:319:9-325:20
330-->src/main/AndroidManifest.xml:319:19-87
331            <intent-filter>